QuestaSim vlog 10.6c Compiler 2017.07 Jul 25 2017
Start time: 12:03:23 on Oct 07,2025
vlog -sv "+acc" "+cover" "+fcover" -l sr_ff.log top.sv 
** Note: (vlog-2286) top.sv(3): Using implicit +incdir+/tools/mentor/questasim_10.6c/questasim/uvm-1.1d/../verilog_src/uvm-1.1d/src from import uvm_pkg
-- Compiling package top_sv_unit
-- Importing package mtiUvm.uvm_pkg (uvm-1.1d Built-in)
-- Compiling package fifo_pkg
** Warning: rd_sequence.sv(14): (vlog-2240) Treating stand-alone use of function 'randomize' as an implicit VOID cast.
-- Compiling interface inf
-- Compiling module FIFO_memory
-- Compiling module rptr_empty
-- Compiling module two_ff_sync
-- Compiling module wptr_full
-- Compiling module FIFO
-- Compiling module top
-- Importing package fifo_pkg

Top level modules:
	top
End time: 12:03:24 on Oct 07,2025, Elapsed time: 0:00:01
Errors: 0, Warnings: 1
